Assembler report for top
Thu Sep 26 13:01:06 2019
Quartus Prime Version 18.1.0 Build 625 09/12/2018 SJ Standard Edition


---------------------
; Table of Contents ;
---------------------
  1. Legal Notice
  2. Assembler Summary
  3. Assembler Settings
  4. Assembler Encrypted IP Cores Summary
  5. Assembler Generated Files
  6. Assembler Device Options: top.sof
  7. Assembler Device Options: top.rbf
  8. Assembler INI Usage
  9. Assembler Messages



----------------
; Legal Notice ;
----------------
Copyright (C) 2018  Intel Corporation. All rights reserved.
Your use of Intel Corporation's design tools, logic functions 
and other software and tools, and its AMPP partner logic 
functions, and any output files from any of the foregoing 
(including device programming or simulation files), and any 
associated documentation or information are expressly subject 
to the terms and conditions of the Intel Program License 
Subscription Agreement, the Intel Quartus Prime License Agreement,
the Intel FPGA IP License Agreement, or other applicable license
agreement, including, without limitation, that your use is for
the sole purpose of programming logic devices manufactured by
Intel and sold by Intel or its authorized distributors.  Please
refer to the applicable agreement for further details.



+---------------------------------------------------------------+
; Assembler Summary                                             ;
+-----------------------+---------------------------------------+
; Assembler Status      ; Successful - Thu Sep 26 13:01:06 2019 ;
; Revision Name         ; top                                   ;
; Top-level Entity Name ; top                                   ;
; Family                ; Cyclone V                             ;
; Device                ; 5CGXFC9D6F27C7                        ;
+-----------------------+---------------------------------------+


+---------------------------------------------------------------------------------------------------------------+
; Assembler Settings                                                                                            ;
+-----------------------------------------------------------------------------+----------------+----------------+
; Option                                                                      ; Setting        ; Default Value  ;
+-----------------------------------------------------------------------------+----------------+----------------+
; Use smart compilation                                                       ; Off            ; Off            ;
; Generate compressed bitstreams                                              ; Off            ; On             ;
; Enable compact report table                                                 ; Off            ; Off            ;
; Generate Raw Binary File (.rbf) For Target Device                           ; On             ; Off            ;
; Compression mode                                                            ; Off            ; Off            ;
; Clock source for configuration device                                       ; Internal       ; Internal       ;
; Clock frequency of the configuration device                                 ; 10 MHZ         ; 10 MHz         ;
; Divide clock frequency by                                                   ; 1              ; 1              ;
; Auto user code                                                              ; On             ; On             ;
; Configuration device                                                        ; Auto           ; Auto           ;
; Voltage output format                                                       ; Auto discovery ; Auto discovery ;
; Configuration device auto user code                                         ; Off            ; Off            ;
; Generate Tabular Text File (.ttf) For Target Device                         ; Off            ; Off            ;
; Generate Hexadecimal (Intel-Format) Output File (.hexout) for Target Device ; Off            ; Off            ;
; Hexadecimal Output File start address                                       ; 0              ; 0              ;
; Hexadecimal Output File count direction                                     ; Up             ; Up             ;
; Release clears before tri-states                                            ; Off            ; Off            ;
; Auto-restart configuration after error                                      ; On             ; On             ;
; Enable OCT_DONE                                                             ; Off            ; Off            ;
; Use Checkered Pattern as Uninitialized RAM Content                          ; Off            ; Off            ;
; Enable autonomous PCIe HIP mode                                             ; Off            ; Off            ;
; Generate Serial Vector Format File (.svf) for Target Device                 ; Off            ; Off            ;
; Generate a JEDEC STAPL Format File (.jam) for Target Device                 ; Off            ; Off            ;
; Generate a compressed Jam STAPL Byte Code 2.0 File (.jbc) for Target Device ; Off            ; Off            ;
; Generate a compressed Jam STAPL Byte Code 2.0 File (.jbc) for Target Device ; On             ; On             ;
+-----------------------------------------------------------------------------+----------------+----------------+


+------------------------------------------------+
; Assembler Encrypted IP Cores Summary           ;
+--------+------------------------+--------------+
; Vendor ; IP Core Name           ; License Type ;
+--------+------------------------+--------------+
; Altera ; Signal Tap (6AF7 BCE1) ; Licensed     ;
; Altera ; Signal Tap (6AF7 BCEC) ; Licensed     ;
+--------+------------------------+--------------+


+-------------------------------------------------------+
; Assembler Generated Files                             ;
+-------------------------------------------------------+
; File Name                                             ;
+-------------------------------------------------------+
; /home/lma792/bisunaopencl/src/OCL/Kernels/nsk/top.sof ;
; /home/lma792/bisunaopencl/src/OCL/Kernels/nsk/top.rbf ;
+-------------------------------------------------------+


+-----------------------------------+
; Assembler Device Options: top.sof ;
+----------------+------------------+
; Option         ; Setting          ;
+----------------+------------------+
; JTAG usercode  ; 0x0C0EAD13       ;
; Checksum       ; 0x0C0EAD13       ;
+----------------+------------------+


+-----------------------------------+
; Assembler Device Options: top.rbf ;
+---------------------+-------------+
; Option              ; Setting     ;
+---------------------+-------------+
; Raw Binary File     ;             ;
;  Compression Ratio  ; 1           ;
+---------------------+-------------+


+--------------------------------------------------------------------------------------+
; Assembler INI Usage                                                                  ;
+--------------------------+-----------------------------------------------------------+
; Option                   ; Usage                                                     ;
+--------------------------+-----------------------------------------------------------+
; Initialization file:     ; /home/lma792/bisunaopencl/src/OCL/Kernels/nsk/quartus.ini ;
; bpm_hard_block_partition ; off                                                       ;
+--------------------------+-----------------------------------------------------------+


+--------------------+
; Assembler Messages ;
+--------------------+
Info: *******************************************************************
Info: Running Quartus Prime Assembler
    Info: Version 18.1.0 Build 625 09/12/2018 SJ Standard Edition
    Info: Processing started: Thu Sep 26 13:00:29 2019
Info: Command: quartus_asm --read_settings_files=on --write_settings_files=off top -c top
Info: Using INI file /home/lma792/bisunaopencl/src/OCL/Kernels/nsk/quartus.ini
Warning (18236): Number of processors has not been specified which may cause overloading on shared machines.  Set the global assignment NUM_PARALLEL_PROCESSORS in your QSF to an appropriate value for best performance.
Warning (15104): Quartus Prime software detected a bonding design. Reconfiguration is not supported for Bonded designs and MIF is not created for this design. File: /home/lma792/bisunaopencl/src/OCL/Kernels/nsk/system/synthesis/submodules/av_tx_pma_ch.sv Line: 195
Warning (15104): Quartus Prime software detected a bonding design. Reconfiguration is not supported for Bonded designs and MIF is not created for this design. File: /home/lma792/bisunaopencl/src/OCL/Kernels/nsk/system/synthesis/submodules/av_tx_pma_ch.sv Line: 195
Warning (15104): Quartus Prime software detected a bonding design. Reconfiguration is not supported for Bonded designs and MIF is not created for this design. File: /home/lma792/bisunaopencl/src/OCL/Kernels/nsk/system/synthesis/submodules/av_tx_pma_ch.sv Line: 195
Warning (15104): Quartus Prime software detected a bonding design. Reconfiguration is not supported for Bonded designs and MIF is not created for this design. File: /home/lma792/bisunaopencl/src/OCL/Kernels/nsk/system/synthesis/submodules/av_tx_pma_ch.sv Line: 195
Info (115030): Assembler is generating device programming files
Info: Quartus Prime Assembler was successful. 0 errors, 5 warnings
    Info: Peak virtual memory: 1744 megabytes
    Info: Processing ended: Thu Sep 26 13:01:07 2019
    Info: Elapsed time: 00:00:38
    Info: Total CPU time (on all processors): 00:00:37


